#
# There is insufficient memory for the Java Runtime Environment to continue.
# Native memory allocation (malloc) failed to allocate 1125296 bytes for Chunk::new
# Possible reasons:
#   The system is out of physical RAM or swap space
#   The process is running with CompressedOops enabled, and the Java Heap may be blocking the growth of the native heap
# Possible solutions:
#   Reduce memory load on the system
#   Increase physical memory or swap space
#   Check if swap backing store is full
#   Decrease Java heap size (-Xmx/-Xms)
#   Decrease number of Java threads
#   Decrease Java thread stack sizes (-Xss)
#   Set larger code cache with -XX:ReservedCodeCacheSize=
#   JVM is running with Unscaled Compressed Oops mode in which the Java heap is
#     placed in the first 4GB address space. The Java Heap base address is the
#     maximum limit for the native heap growth. Please use -XX:HeapBaseMinAddress
#     to set the Java Heap base and to place the Java Heap above 4GB virtual address.
# This output file may be truncated or incomplete.
#
#  Out of Memory Error (allocation.cpp:389), pid=15096, tid=0x0000000000001a3c
#
# JRE version: OpenJDK Runtime Environment (8.0_242-b01) (build 1.8.0_242-release-1644-b01)
# Java VM: OpenJDK 64-Bit Server VM (25.242-b01 mixed mode windows-amd64 compressed oops)
# Failed to write core dump. Minidumps are not enabled by default on client versions of Windows
#

---------------  T H R E A D  ---------------

Current thread (0x0000000017b85000):  JavaThread "C2 CompilerThread0" daemon [_thread_in_native, id=6716, stack(0x00000000191d0000,0x00000000192d0000)]

Stack: [0x00000000191d0000,0x00000000192d0000]
[error occurred during error reporting (printing stack bounds), id 0xc0000005]

Native frames: (J=compiled Java code, j=interpreted, Vv=VM code, C=native code)


Current CompileTask:
C2:  78476 13970   !   4       java.io.ObjectOutputStream::writeObject0 (619 bytes)


---------------  P R O C E S S  ---------------

Java Threads: ( => current thread )
  0x0000000022b8d000 JavaThread "RMI TCP Connection(2)-127.0.0.1" daemon [_thread_in_native, id=14216, stack(0x00000000291b0000,0x00000000292b0000)]
  0x0000000022b89000 JavaThread "RMI Reaper" [_thread_blocked, id=14760, stack(0x00000000290b0000,0x00000000291b0000)]
  0x0000000022b8c000 JavaThread "RMI TCP Accept-0" daemon [_thread_in_native, id=12148, stack(0x0000000028fb0000,0x00000000290b0000)]
  0x0000000022b8b800 JavaThread "GC Daemon" daemon [_thread_blocked, id=3940, stack(0x0000000028eb0000,0x0000000028fb0000)]
  0x0000000022b88800 JavaThread "RMI RenewClean-[127.0.0.1:17313,org.jetbrains.kotlin.daemon.common.LoopbackNetworkInterface$ClientLoopbackSocketFactory@7a1dcc18]" daemon [_thread_blocked, id=12944, stack(0x0000000028db0000,0x0000000028eb0000)]
  0x0000000022b8a800 JavaThread "RMI Scheduler(0)" daemon [_thread_blocked, id=9536, stack(0x0000000026a00000,0x0000000026b00000)]
  0x000000001a257000 JavaThread "WorkerExecutor Queue Thread 2" [_thread_blocked, id=16164, stack(0x0000000026400000,0x0000000026500000)]
  0x000000001a258800 JavaThread "WorkerExecutor Queue" [_thread_blocked, id=7788, stack(0x0000000026100000,0x0000000026200000)]
  0x000000001a24a800 JavaThread "Cache worker for execution history cache (B:\Project\Ankasa\.gradle\6.1.1\executionHistory)" [_thread_blocked, id=10112, stack(0x0000000024f00000,0x0000000025000000)]
  0x000000001a24c000 JavaThread "Execution worker for ':' Thread 3" [_thread_blocked, id=8984, stack(0x0000000025810000,0x0000000025910000)]
  0x000000001a251000 JavaThread "Execution worker for ':' Thread 2" [_thread_in_native, id=780, stack(0x0000000025710000,0x0000000025810000)]
  0x000000001a249800 JavaThread "Execution worker for ':'" [_thread_blocked, id=1584, stack(0x0000000025610000,0x0000000025710000)]
  0x0000000019546000 JavaThread "Cache worker for file content cache (B:\Project\Ankasa\.gradle\6.1.1\fileContent)" [_thread_blocked, id=13588, stack(0x0000000025150000,0x0000000025250000)]
  0x0000000019542800 JavaThread "Cache worker for file content cache (C:\Users\TOSHIBA\.gradle\caches\6.1.1\fileContent)" [_thread_blocked, id=1212, stack(0x0000000025050000,0x0000000025150000)]
  0x0000000019541000 JavaThread "Memory manager" [_thread_blocked, id=15084, stack(0x0000000024a00000,0x0000000024b00000)]
  0x0000000019538800 JavaThread "Cache worker for Build Output Cleanup Cache (B:\Project\Ankasa\.gradle\buildOutputCleanup)" [_thread_blocked, id=11388, stack(0x0000000023d00000,0x0000000023e00000)]
  0x000000001953d000 JavaThread "Build operations Thread 4" [_thread_blocked, id=13784, stack(0x0000000022140000,0x0000000022240000)]
  0x000000001953e800 JavaThread "Build operations Thread 3" [_thread_blocked, id=15992, stack(0x0000000022040000,0x0000000022140000)]
  0x000000001953a000 JavaThread "Build operations Thread 2" [_thread_blocked, id=11940, stack(0x0000000021f40000,0x0000000022040000)]
  0x000000001953e000 JavaThread "Build operations" [_thread_blocked, id=2032, stack(0x0000000021e40000,0x0000000021f40000)]
  0x000000001abe3800 JavaThread "Cache worker for execution history cache (C:\Users\TOSHIBA\.gradle\caches\6.1.1\executionHistory)" [_thread_blocked, id=15384, stack(0x0000000021340000,0x0000000021440000)]
  0x000000001abe7800 JavaThread "Cache worker for cache directory md-rule (C:\Users\TOSHIBA\.gradle\caches\6.1.1\md-rule)" [_thread_blocked, id=16160, stack(0x0000000021240000,0x0000000021340000)]
  0x000000001abe6000 JavaThread "Cache worker for cache directory md-supplier (C:\Users\TOSHIBA\.gradle\caches\6.1.1\md-supplier)" [_thread_blocked, id=8616, stack(0x00000000200f0000,0x00000000201f0000)]
  0x000000001abe3000 JavaThread "Cache worker for file hash cache (B:\Project\Ankasa\.gradle\6.1.1\fileHashes)" [_thread_blocked, id=15588, stack(0x000000001fbf0000,0x000000001fcf0000)]
  0x000000001abe8000 JavaThread "Cache worker for checksums cache (B:\Project\Ankasa\.gradle\checksums)" [_thread_blocked, id=3484, stack(0x000000001faf0000,0x000000001fbf0000)]
  0x000000001abe9800 JavaThread "Cache worker for file hash cache (C:\Users\TOSHIBA\.gradle\caches\6.1.1\fileHashes)" [_thread_blocked, id=6336, stack(0x000000001d950000,0x000000001da50000)]
  0x000000001abe6800 JavaThread "File lock request listener" [_thread_in_native, id=14816, stack(0x000000001d850000,0x000000001d950000)]
  0x00000000196e7800 JavaThread "Cache worker for journal cache (C:\Users\TOSHIBA\.gradle\caches\journal-1)" [_thread_blocked, id=12092, stack(0x000000001d750000,0x000000001d850000)]
  0x0000000019da0800 JavaThread "Thread-9" [_thread_blocked, id=13604, stack(0x000000001d450000,0x000000001d550000)]
  0x000000001a2a4000 JavaThread "Asynchronous log dispatcher for DefaultDaemonConnection: socket connection from /127.0.0.1:50488 to /127.0.0.1:50489" [_thread_blocked, id=14732, stack(0x000000001d250000,0x000000001d350000)]
  0x0000000019d59800 JavaThread "Daemon worker" [_thread_blocked, id=14924, stack(0x000000001d150000,0x000000001d250000)]
  0x0000000019d56800 JavaThread "Cancel handler" [_thread_blocked, id=500, stack(0x000000001d050000,0x000000001d150000)]
  0x000000001b75a800 JavaThread "Handler for socket connection from /127.0.0.1:50488 to /127.0.0.1:50489" [_thread_in_native, id=3196, stack(0x000000001cd50000,0x000000001ce50000)]
  0x000000001b727000 JavaThread "Daemon" [_thread_blocked, id=1044, stack(0x000000001cc50000,0x000000001cd50000)]
  0x000000001b724800 JavaThread "Daemon periodic checks" [_thread_blocked, id=15800, stack(0x000000001cb50000,0x000000001cc50000)]
  0x000000001b6b8800 JavaThread "Incoming local TCP Connector on port 50488" [_thread_in_native, id=6632, stack(0x0000000019bd0000,0x0000000019cd0000)]
  0x000000001b680800 JavaThread "Daemon health stats" [_thread_blocked, id=4580, stack(0x0000000019ad0000,0x0000000019bd0000)]
  0x0000000017bdd800 JavaThread "Service Thread" daemon [_thread_blocked, id=12200, stack(0x00000000198d0000,0x00000000199d0000)]
  0x0000000017bd8800 JavaThread "C1 CompilerThread2" daemon [_thread_blocked, id=11392, stack(0x00000000197d0000,0x00000000198d0000)]
  0x0000000017b8a800 JavaThread "C2 CompilerThread1" daemon [_thread_blocked, id=2612, stack(0x00000000192d0000,0x00000000193d0000)]
=>0x0000000017b85000 JavaThread "C2 CompilerThread0" daemon [_thread_in_native, id=6716, stack(0x00000000191d0000,0x00000000192d0000)]
  0x0000000017b84000 JavaThread "Attach Listener" daemon [_thread_blocked, id=12796, stack(0x00000000190d0000,0x00000000191d0000)]
  0x0000000017b82800 JavaThread "Signal Dispatcher" daemon [_thread_blocked, id=14712, stack(0x0000000018fd0000,0x00000000190d0000)]
  0x0000000002f5d000 JavaThread "Finalizer" daemon [_thread_blocked, id=16036, stack(0x0000000018dd0000,0x0000000018ed0000)]
  0x0000000017b69000 JavaThread "Reference Handler" daemon [_thread_blocked, id=11216, stack(0x0000000018cd0000,0x0000000018dd0000)]
  0x000000000159e800 JavaThread "main" [_thread_blocked, id=13528, stack(0x0000000002d60000,0x0000000002e60000)]

Other Threads:
  0x0000000017b48000 VMThread [stack: 0x0000000018bd0000,0x0000000018cd0000] [id=7920]
  0x00000000193e1000 WatcherThread [stack: 0x00000000199d0000,0x0000000019ad0000] [id=10640]

VM state:not at safepoint (normal execution)

VM Mutex/Monitor currently owned by a thread: None

heap address: 0x0000000080000000, size: 2048 MB, Compressed Oops mode: 32-bit
Narrow klass base: 0x0000000000000000, Narrow klass shift: 3
Compressed class space size: 1073741824 Address: 0x0000000100000000

Heap:
 PSYoungGen      total 291328K, used 53282K [0x00000000d5580000, 0x00000000ed280000, 0x0000000100000000)
  eden space 198656K, 3% used [0x00000000d5580000,0x00000000d5b660a8,0x00000000e1780000)
  from space 92672K, 50% used [0x00000000e7800000,0x00000000ea6229c8,0x00000000ed280000)
  to   space 95744K, 0% used [0x00000000e1780000,0x00000000e1780000,0x00000000e7500000)
 ParOldGen       total 398848K, used 228078K [0x0000000080000000, 0x0000000098580000, 0x00000000d5580000)
  object space 398848K, 57% used [0x0000000080000000,0x000000008debba10,0x0000000098580000)
 Metaspace       used 92607K, capacity 96248K, committed 96408K, reserved 1132544K
  class space    used 12176K, capacity 12933K, committed 12968K, reserved 1048576K

Card table byte_map: [0x0000000012320000,0x0000000012730000] byte_map_base: 0x0000000011f20000

Marking Bits: (ParMarkBitMap*) 0x000000005de1f030
 Begin Bits: [0x0000000012de0000, 0x0000000014de0000)
 End Bits:   [0x0000000014de0000, 0x0000000016de0000)

Polling page: 0x00000000014d0000

CodeCache: size=245760Kb used=38231Kb max_used=38634Kb free=207528Kb
 bounds [0x0000000002f60000, 0x00000000055a0000, 0x0000000011f60000]
 total_blobs=12593 nmethods=11726 adapters=780
 compilation: enabled

Compilation events (10 events):
Event: 78.446 Thread 0x0000000017bd8800 nmethod 13992 0x0000000004f03c50 code [0x0000000004f03da0, 0x0000000004f03eb0]
Event: 78.446 Thread 0x0000000017b8a800 nmethod 13990 0x0000000004fd0850 code [0x0000000004fd0980, 0x0000000004fd0a58]
Event: 78.449 Thread 0x0000000017bd8800 13993       3       com.google.common.collect.ImmutableSortedSet::construct (108 bytes)
Event: 78.452 Thread 0x0000000017bd8800 nmethod 13993 0x00000000050fa650 code [0x00000000050fa940, 0x00000000050fc0e8]
Event: 78.452 Thread 0x0000000017bd8800 13996       1       com.google.common.collect.Ordering::natural (4 bytes)
Event: 78.452 Thread 0x0000000017bd8800 nmethod 13996 0x0000000004c39990 code [0x0000000004c39ae0, 0x0000000004c39bd0]
Event: 78.452 Thread 0x0000000017bd8800 13994       3       com.google.common.collect.ComparisonChain$1::classify (24 bytes)
Event: 78.453 Thread 0x0000000017bd8800 nmethod 13994 0x0000000005274650 code [0x00000000052747e0, 0x0000000005274b10]
Event: 78.453 Thread 0x0000000017bd8800 13995       3       com.google.common.collect.ComparisonChain$1::compare (12 bytes)
Event: 78.453 Thread 0x0000000017bd8800 nmethod 13995 0x0000000004543490 code [0x0000000004543620, 0x0000000004543b08]

GC Heap History (10 events):
Event: 45.447 GC heap before
{Heap before GC invocations=23 (full 4):
 PSYoungGen      total 203776K, used 178176K [0x00000000d5580000, 0x00000000e7900000, 0x0000000100000000)
  eden space 178176K, 100% used [0x00000000d5580000,0x00000000e0380000,0x00000000e0380000)
  from space 25600K, 0% used [0x00000000e3080000,0x00000000e3080000,0x00000000e4980000)
  to   space 46080K, 0% used [0x00000000e0380000,0x00000000e0380000,0x00000000e3080000)
 ParOldGen       total 230912K, used 108658K [0x0000000080000000, 0x000000008e180000, 0x00000000d5580000)
  object space 230912K, 47% used [0x0000000080000000,0x0000000086a1c848,0x000000008e180000)
 Metaspace       used 85379K, capacity 88666K, committed 88856K, reserved 1126400K
  class space    used 11266K, capacity 11954K, committed 12072K, reserved 1048576K
Event: 45.671 GC heap after
Heap after GC invocations=23 (full 4):
 PSYoungGen      total 224256K, used 46048K [0x00000000d5580000, 0x00000000ea680000, 0x0000000100000000)
  eden space 178176K, 0% used [0x00000000d5580000,0x00000000d5580000,0x00000000e0380000)
  from space 46080K, 99% used [0x00000000e0380000,0x00000000e3078360,0x00000000e3080000)
  to   space 67072K, 0% used [0x00000000e6500000,0x00000000e6500000,0x00000000ea680000)
 ParOldGen       total 230912K, used 144827K [0x0000000080000000, 0x000000008e180000, 0x00000000d5580000)
  object space 230912K, 62% used [0x0000000080000000,0x0000000088d6ef50,0x000000008e180000)
 Metaspace       used 85379K, capacity 88666K, committed 88856K, reserved 1126400K
  class space    used 11266K, capacity 11954K, committed 12072K, reserved 1048576K
}
Event: 49.279 GC heap before
{Heap before GC invocations=24 (full 4):
 PSYoungGen      total 224256K, used 224224K [0x00000000d5580000, 0x00000000ea680000, 0x0000000100000000)
  eden space 178176K, 100% used [0x00000000d5580000,0x00000000e0380000,0x00000000e0380000)
  from space 46080K, 99% used [0x00000000e0380000,0x00000000e3078360,0x00000000e3080000)
  to   space 67072K, 0% used [0x00000000e6500000,0x00000000e6500000,0x00000000ea680000)
 ParOldGen       total 230912K, used 144827K [0x0000000080000000, 0x000000008e180000, 0x00000000d5580000)
  object space 230912K, 62% used [0x0000000080000000,0x0000000088d6ef50,0x000000008e180000)
 Metaspace       used 89959K, capacity 93304K, committed 93464K, reserved 1130496K
  class space    used 11826K, capacity 12535K, committed 12584K, reserved 1048576K
Event: 49.555 GC heap after
Heap after GC invocations=24 (full 4):
 PSYoungGen      total 248832K, used 67065K [0x00000000d5580000, 0x00000000ee400000, 0x0000000100000000)
  eden space 181760K, 0% used [0x00000000d5580000,0x00000000d5580000,0x00000000e0700000)
  from space 67072K, 99% used [0x00000000e6500000,0x00000000ea67e7b8,0x00000000ea680000)
  to   space 96256K, 0% used [0x00000000e0700000,0x00000000e0700000,0x00000000e6500000)
 ParOldGen       total 230912K, used 190959K [0x0000000080000000, 0x000000008e180000, 0x00000000d5580000)
  object space 230912K, 82% used [0x0000000080000000,0x000000008ba7be78,0x000000008e180000)
 Metaspace       used 89959K, capacity 93304K, committed 93464K, reserved 1130496K
  class space    used 11826K, capacity 12535K, committed 12584K, reserved 1048576K
}
Event: 49.557 GC heap before
{Heap before GC invocations=25 (full 5):
 PSYoungGen      total 248832K, used 67065K [0x00000000d5580000, 0x00000000ee400000, 0x0000000100000000)
  eden space 181760K, 0% used [0x00000000d5580000,0x00000000d5580000,0x00000000e0700000)
  from space 67072K, 99% used [0x00000000e6500000,0x00000000ea67e7b8,0x00000000ea680000)
  to   space 96256K, 0% used [0x00000000e0700000,0x00000000e0700000,0x00000000e6500000)
 ParOldGen       total 230912K, used 190959K [0x0000000080000000, 0x000000008e180000, 0x00000000d5580000)
  object space 230912K, 82% used [0x0000000080000000,0x000000008ba7be78,0x000000008e180000)
 Metaspace       used 89959K, capacity 93304K, committed 93464K, reserved 1130496K
  class space    used 11826K, capacity 12535K, committed 12584K, reserved 1048576K
Event: 53.201 GC heap after
Heap after GC invocations=25 (full 5):
 PSYoungGen      total 248832K, used 0K [0x00000000d5580000, 0x00000000ee400000, 0x0000000100000000)
  eden space 181760K, 0% used [0x00000000d5580000,0x00000000d5580000,0x00000000e0700000)
  from space 67072K, 0% used [0x00000000e6500000,0x00000000e6500000,0x00000000ea680000)
  to   space 96256K, 0% used [0x00000000e0700000,0x00000000e0700000,0x00000000e6500000)
 ParOldGen       total 398848K, used 228062K [0x0000000080000000, 0x0000000098580000, 0x00000000d5580000)
  object space 398848K, 57% used [0x0000000080000000,0x000000008deb7a10,0x0000000098580000)
 Metaspace       used 89953K, capacity 93288K, committed 93464K, reserved 1130496K
  class space    used 11824K, capacity 12531K, committed 12584K, reserved 1048576K
}
Event: 56.009 GC heap before
{Heap before GC invocations=26 (full 5):
 PSYoungGen      total 248832K, used 181760K [0x00000000d5580000, 0x00000000ee400000, 0x0000000100000000)
  eden space 181760K, 100% used [0x00000000d5580000,0x00000000e0700000,0x00000000e0700000)
  from space 67072K, 0% used [0x00000000e6500000,0x00000000e6500000,0x00000000ea680000)
  to   space 96256K, 0% used [0x00000000e0700000,0x00000000e0700000,0x00000000e6500000)
 ParOldGen       total 398848K, used 228062K [0x0000000080000000, 0x0000000098580000, 0x00000000d5580000)
  object space 398848K, 57% used [0x0000000080000000,0x000000008deb7a10,0x0000000098580000)
 Metaspace       used 90453K, capacity 93874K, committed 94104K, reserved 1130496K
  class space    used 11882K, capacity 12598K, committed 12712K, reserved 1048576K
Event: 56.125 GC heap after
Heap after GC invocations=26 (full 5):
 PSYoungGen      total 278016K, used 51894K [0x00000000d5580000, 0x00000000ed700000, 0x0000000100000000)
  eden space 181760K, 0% used [0x00000000d5580000,0x00000000d5580000,0x00000000e0700000)
  from space 96256K, 53% used [0x00000000e0700000,0x00000000e39ada58,0x00000000e6500000)
  to   space 97280K, 0% used [0x00000000e7800000,0x00000000e7800000,0x00000000ed700000)
 ParOldGen       total 398848K, used 228070K [0x0000000080000000, 0x0000000098580000, 0x00000000d5580000)
  object space 398848K, 57% used [0x0000000080000000,0x000000008deb9a10,0x0000000098580000)
 Metaspace       used 90453K, capacity 93874K, committed 94104K, reserved 1130496K
  class space    used 11882K, capacity 12598K, committed 12712K, reserved 1048576K
}
Event: 59.376 GC heap before
{Heap before GC invocations=27 (full 5):
 PSYoungGen      total 278016K, used 233654K [0x00000000d5580000, 0x00000000ed700000, 0x0000000100000000)
  eden space 181760K, 100% used [0x00000000d5580000,0x00000000e0700000,0x00000000e0700000)
  from space 96256K, 53% used [0x00000000e0700000,0x00000000e39ada58,0x00000000e6500000)
  to   space 97280K, 0% used [0x00000000e7800000,0x00000000e7800000,0x00000000ed700000)
 ParOldGen       total 398848K, used 228070K [0x0000000080000000, 0x0000000098580000, 0x00000000d5580000)
  object space 398848K, 57% used [0x0000000080000000,0x000000008deb9a10,0x0000000098580000)
 Metaspace       used 92428K, capacity 96064K, committed 96152K, reserved 1132544K
  class space    used 12149K, capacity 12897K, committed 12968K, reserved 1048576K
Event: 59.444 GC heap after
Heap after GC invocations=27 (full 5):
 PSYoungGen      total 291328K, used 47242K [0x00000000d5580000, 0x00000000ed280000, 0x0000000100000000)
  eden space 198656K, 0% used [0x00000000d5580000,0x00000000d5580000,0x00000000e1780000)
  from space 92672K, 50% used [0x00000000e7800000,0x00000000ea6229c8,0x00000000ed280000)
  to   space 95744K, 0% used [0x00000000e1780000,0x00000000e1780000,0x00000000e7500000)
 ParOldGen       total 398848K, used 228078K [0x0000000080000000, 0x0000000098580000, 0x00000000d5580000)
  object space 398848K, 57% used [0x0000000080000000,0x000000008debba10,0x0000000098580000)
 Metaspace       used 92428K, capacity 96064K, committed 96152K, reserved 1132544K
  class space    used 12149K, capacity 12897K, committed 12968K, reserved 1048576K
}

Deoptimization events (10 events):
Event: 58.920 Thread 0x000000001a255800 Uncommon trap: reason=unstable_if action=reinterpret pc=0x0000000003bf8060 method=com.android.tools.r8.dex.r.a(Ljava/util/Collection;ILjava/util/function/Consumer;)V @ 41
Event: 58.937 Thread 0x000000001a255800 Uncommon trap: reason=predicate action=maybe_recompile pc=0x0000000003d6a598 method=com.android.tools.r8.dex.r.a(Ljava/util/Collection;ILjava/util/function/Consumer;)V @ 44
Event: 59.445 Thread 0x0000000017b69000 Uncommon trap: reason=unstable_if action=reinterpret pc=0x0000000003103238 method=java.lang.ref.Reference.tryHandlePending(Z)Z @ 20
Event: 78.000 Thread 0x000000001a251000 Uncommon trap: reason=bimorphic action=maybe_recompile pc=0x00000000046e27cc method=org.gradle.internal.logging.sink.LogEventDispatcher.onOutput(Lorg/gradle/internal/logging/events/OutputEvent;)V @ 1
Event: 78.000 Thread 0x000000001a251000 Uncommon trap: reason=bimorphic action=maybe_recompile pc=0x00000000046e27cc method=org.gradle.internal.logging.sink.LogEventDispatcher.onOutput(Lorg/gradle/internal/logging/events/OutputEvent;)V @ 1
Event: 78.067 Thread 0x000000001a24a800 Uncommon trap: reason=bimorphic action=maybe_recompile pc=0x0000000003b286cc method=java.util.Collections.indexedBinarySearch(Ljava/util/List;Ljava/lang/Object;)I @ 39
Event: 78.067 Thread 0x000000001a24a800 Uncommon trap: reason=bimorphic action=maybe_recompile pc=0x0000000003b286cc method=java.util.Collections.indexedBinarySearch(Ljava/util/List;Ljava/lang/Object;)I @ 39
Event: 78.448 Thread 0x000000001a251000 Uncommon trap: reason=unstable_if action=reinterpret pc=0x0000000003cc9730 method=org.objectweb.asm.MethodWriter.visitLabel(Lorg/objectweb/asm/Label;)V @ 312
Event: 78.449 Thread 0x000000001a251000 Uncommon trap: reason=unstable_if action=reinterpret pc=0x0000000003ebf8e4 method=org.objectweb.asm.MethodWriter.visitInsn(I)V @ 32
Event: 78.449 Thread 0x000000001a251000 Uncommon trap: reason=unstable_if action=reinterpret pc=0x0000000003ce6314 method=org.objectweb.asm.MethodWriter.visitMethodInsn(ILjava/lang/String;Ljava/lang/String;Ljava/lang/String;Z)V @ 89

Classes redefined (0 events):
No events

Internal exceptions (10 events):
Event: 58.653 Thread 0x000000001a251000 Exception <a 'java/lang/NoSuchMethodError': <clinit>> (0x00000000df8be0e8) thrown at [C:\src\AOSP-openjdk-git\hotspot\src\share\vm\prims\jni.cpp, line 1615]
Event: 58.660 Thread 0x000000001a251000 Exception <a 'java/lang/NoSuchMethodError': <clinit>> (0x00000000df8e4288) thrown at [C:\src\AOSP-openjdk-git\hotspot\src\share\vm\prims\jni.cpp, line 1615]
Event: 58.683 Thread 0x0000000022b88800 Exception <a 'java/lang/InterruptedException'> (0x00000000df964028) thrown at [C:\src\AOSP-openjdk-git\hotspot\src\share\vm\runtime\objectMonitor.cpp, line 1680]
Event: 58.724 Thread 0x000000001a251000 Exception <a 'java/lang/NoSuchMethodError': <clinit>> (0x00000000df939e88) thrown at [C:\src\AOSP-openjdk-git\hotspot\src\share\vm\prims\jni.cpp, line 1615]
Event: 58.726 Thread 0x000000001a251000 Exception <a 'java/lang/NoSuchMethodError': <clinit>> (0x00000000df947d98) thrown at [C:\src\AOSP-openjdk-git\hotspot\src\share\vm\prims\jni.cpp, line 1615]
Event: 58.729 Thread 0x000000001a251000 Exception <a 'java/lang/NoSuchMethodError': <clinit>> (0x00000000df95ade8) thrown at [C:\src\AOSP-openjdk-git\hotspot\src\share\vm\prims\jni.cpp, line 1615]
Event: 58.748 Thread 0x000000001a251000 Exception <a 'java/lang/NoSuchMethodError': <clinit>> (0x00000000dfb35a18) thrown at [C:\src\AOSP-openjdk-git\hotspot\src\share\vm\prims\jni.cpp, line 1615]
Event: 58.803 Thread 0x000000001a251000 Exception <a 'java/lang/NoSuchMethodError': <clinit>> (0x00000000dfdc9470) thrown at [C:\src\AOSP-openjdk-git\hotspot\src\share\vm\prims\jni.cpp, line 1615]
Event: 58.810 Thread 0x000000001a251000 Exception <a 'java/lang/NoSuchMethodError': <clinit>> (0x00000000dfee0050) thrown at [C:\src\AOSP-openjdk-git\hotspot\src\share\vm\prims\jni.cpp, line 1615]
Event: 59.296 Thread 0x000000001a255800 Exception <a 'sun/nio/fs/WindowsException'> (0x00000000e05bfbe0) thrown at [C:\src\AOSP-openjdk-git\hotspot\src\share\vm\prims\jni.cpp, line 710]

Events (10 events):
Event: 78.447 loading class org/gradle/api/internal/tasks/compile/ParameterAnnotationMember done
Event: 78.448 Thread 0x000000001a251000 Uncommon trap: trap_request=0xffffff65 fr.pc=0x0000000003cc9730
Event: 78.448 Thread 0x000000001a251000 DEOPT PACKING pc=0x0000000003cc9730 sp=0x000000002580c0a0
Event: 78.448 Thread 0x000000001a251000 DEOPT UNPACKING pc=0x0000000002fa557b sp=0x000000002580c060 mode 2
Event: 78.449 Thread 0x000000001a251000 Uncommon trap: trap_request=0xffffff65 fr.pc=0x0000000003ebf8e4
Event: 78.449 Thread 0x000000001a251000 DEOPT PACKING pc=0x0000000003ebf8e4 sp=0x000000002580c240
Event: 78.449 Thread 0x000000001a251000 DEOPT UNPACKING pc=0x0000000002fa557b sp=0x000000002580c1e8 mode 2
Event: 78.449 Thread 0x000000001a251000 Uncommon trap: trap_request=0xffffff65 fr.pc=0x0000000003ce6314
Event: 78.449 Thread 0x000000001a251000 DEOPT PACKING pc=0x0000000003ce6314 sp=0x000000002580c200
Event: 78.449 Thread 0x000000001a251000 DEOPT UNPACKING pc=0x0000000002fa557b sp=0x000000002580c1b0 mode 2


Dynamic libraries:
0x00007ff791a70000 - 0x00007ff791aa1000 	C:\Program Files\Android\Android Studio\jre\bin\java.exe
0x00007ffd40840000 - 0x00007ffd40a30000 	C:\WINDOWS\SYSTEM32\ntdll.dll
0x00007ffd40380000 - 0x00007ffd40432000 	C:\WINDOWS\System32\KERNEL32.DLL
0x00007ffd3d940000 - 0x00007ffd3dbe4000 	C:\WINDOWS\System32\KERNELBASE.dll
0x00007ffd3fca0000 - 0x00007ffd3fd43000 	C:\WINDOWS\System32\ADVAPI32.dll
0x00007ffd3fd50000 - 0x00007ffd3fdee000 	C:\WINDOWS\System32\msvcrt.dll
0x00007ffd40210000 - 0x00007ffd402a7000 	C:\WINDOWS\System32\sechost.dll
0x00007ffd3e8f0000 - 0x00007ffd3ea10000 	C:\WINDOWS\System32\RPCRT4.dll
0x00007ffd40060000 - 0x00007ffd401f4000 	C:\WINDOWS\System32\USER32.dll
0x00007ffd3d890000 - 0x00007ffd3d8b1000 	C:\WINDOWS\System32\win32u.dll
0x00007ffd3f330000 - 0x00007ffd3f356000 	C:\WINDOWS\System32\GDI32.dll
0x00007ffd3e370000 - 0x00007ffd3e504000 	C:\WINDOWS\System32\gdi32full.dll
0x00007ffd3d7d0000 - 0x00007ffd3d86e000 	C:\WINDOWS\System32\msvcp_win.dll
0x00007ffd3e7f0000 - 0x00007ffd3e8ea000 	C:\WINDOWS\System32\ucrtbase.dll
0x00007ffd32290000 - 0x00007ffd32514000 	C:\WINDOWS\WinSxS\amd64_microsoft.windows.common-controls_6595b64144ccf1df_6.0.18362.836_none_e6c4b943130f18ed\COMCTL32.dll
0x00007ffd40440000 - 0x00007ffd40776000 	C:\WINDOWS\System32\combase.dll
0x00007ffd3d8c0000 - 0x00007ffd3d940000 	C:\WINDOWS\System32\bcryptPrimitives.dll
0x00007ffd3f300000 - 0x00007ffd3f32e000 	C:\WINDOWS\System32\IMM32.DLL
0x000000005d2d0000 - 0x000000005d3a2000 	C:\Program Files\Android\Android Studio\jre\jre\bin\msvcr100.dll
0x000000005d650000 - 0x000000005de9b000 	C:\Program Files\Android\Android Studio\jre\jre\bin\server\jvm.dll
0x00007ffd3f4b0000 - 0x00007ffd3f4b8000 	C:\WINDOWS\System32\PSAPI.DLL
0x00007ffd3b220000 - 0x00007ffd3b244000 	C:\WINDOWS\SYSTEM32\WINMM.dll
0x00007ffd38b80000 - 0x00007ffd38b8a000 	C:\WINDOWS\SYSTEM32\VERSION.dll
0x00007ffd264f0000 - 0x00007ffd264f9000 	C:\WINDOWS\SYSTEM32\WSOCK32.dll
0x00007ffd3f3c0000 - 0x00007ffd3f42f000 	C:\WINDOWS\System32\WS2_32.dll
0x00007ffd3b1e0000 - 0x00007ffd3b20d000 	C:\WINDOWS\SYSTEM32\WINMMBASE.dll
0x00007ffd3e770000 - 0x00007ffd3e7ba000 	C:\WINDOWS\System32\cfgmgr32.dll
0x00007ffd3a000000 - 0x00007ffd3a00f000 	C:\Program Files\Android\Android Studio\jre\jre\bin\verify.dll
0x00007ffd32260000 - 0x00007ffd32289000 	C:\Program Files\Android\Android Studio\jre\jre\bin\java.dll
0x00007ffd37f90000 - 0x00007ffd37fa6000 	C:\Program Files\Android\Android Studio\jre\jre\bin\zip.dll
0x00007ffd3f590000 - 0x00007ffd3fc74000 	C:\WINDOWS\System32\SHELL32.dll
0x00007ffd3ffa0000 - 0x00007ffd40049000 	C:\WINDOWS\System32\shcore.dll
0x00007ffd3dbf0000 - 0x00007ffd3e36e000 	C:\WINDOWS\System32\windows.storage.dll
0x00007ffd3d710000 - 0x00007ffd3d733000 	C:\WINDOWS\System32\profapi.dll
0x00007ffd3d740000 - 0x00007ffd3d78a000 	C:\WINDOWS\System32\powrprof.dll
0x00007ffd3d700000 - 0x00007ffd3d710000 	C:\WINDOWS\System32\UMPDC.dll
0x00007ffd3f2a0000 - 0x00007ffd3f2f2000 	C:\WINDOWS\System32\shlwapi.dll
0x00007ffd3d7b0000 - 0x00007ffd3d7c1000 	C:\WINDOWS\System32\kernel.appcore.dll
0x00007ffd3d870000 - 0x00007ffd3d887000 	C:\WINDOWS\System32\cryptsp.dll
0x00007ffd357c0000 - 0x00007ffd357da000 	C:\Program Files\Android\Android Studio\jre\jre\bin\net.dll
0x00007ffd3cf10000 - 0x00007ffd3cf77000 	C:\WINDOWS\system32\mswsock.dll
0x00007ffd31100000 - 0x00007ffd31113000 	C:\Program Files\Android\Android Studio\jre\jre\bin\nio.dll
0x00007ffd20150000 - 0x00007ffd20176000 	C:\Users\TOSHIBA\.gradle\native\31\windows-amd64\native-platform.dll
0x00007ffd30ec0000 - 0x00007ffd30ecd000 	C:\Program Files\Android\Android Studio\jre\jre\bin\management.dll
0x00007ffd3ca80000 - 0x00007ffd3cab3000 	C:\WINDOWS\system32\rsaenh.dll
0x00007ffd3e7c0000 - 0x00007ffd3e7e6000 	C:\WINDOWS\System32\bcrypt.dll
0x00007ffd3d620000 - 0x00007ffd3d645000 	C:\WINDOWS\SYSTEM32\USERENV.dll
0x00007ffd3d0e0000 - 0x00007ffd3d0ec000 	C:\WINDOWS\SYSTEM32\CRYPTBASE.dll
0x00007ffd3cc20000 - 0x00007ffd3cc5a000 	C:\WINDOWS\SYSTEM32\IPHLPAPI.DLL
0x00007ffd40200000 - 0x00007ffd40208000 	C:\WINDOWS\System32\NSI.dll
0x00007ffd37060000 - 0x00007ffd37076000 	C:\WINDOWS\SYSTEM32\dhcpcsvc6.DLL
0x00007ffd36fc0000 - 0x00007ffd36fdc000 	C:\WINDOWS\SYSTEM32\dhcpcsvc.DLL
0x00007ffd3cc60000 - 0x00007ffd3cd2b000 	C:\WINDOWS\SYSTEM32\DNSAPI.dll

VM Arguments:
jvm_args: -Xmx2048m -Dfile.encoding=windows-1252 -Duser.country=US -Duser.language=en -Duser.variant 
java_command: org.gradle.launcher.daemon.bootstrap.GradleDaemon 6.1.1
java_class_path (initial): C:\Users\TOSHIBA\.gradle\wrapper\dists\gradle-6.1.1-all\cfmwm155h49vnt3hynmlrsdst\gradle-6.1.1\lib\gradle-launcher-6.1.1.jar
Launcher Type: SUN_STANDARD

Environment Variables:
JAVA_HOME=C:\Program Files\Java\jdk-13.0.1
CLASSPATH=C:\Program Files\Java\jdk-13.0.1\lib
PATH=C:\Program Files (x86)\Common Files\Oracle\Java\javapath;E:\app\OracleHome\product\12.2.0\dbhome_1\bin;D:\app\reihanbay\product\12.2.0\dbhome_1\bin;C:\Program Files\Git\cmd;C:\ProgramData\chocolatey\bin;C:\Program Files (x86)\AMD\ATI.ACE\Core-Static;C:\xampp\php;C:\ProgramData\ComposerSetup\bin;C:\WINDOWS\system32;C:\WINDOWS;C:\WINDOWS\System32\Wbem;C:\WINDOWS\System32\WindowsPowerShell\v1.0\;C:\WINDOWS\System32\OpenSSH\;C:\Program Files\nodejs\;C:\Program Files\dotnet\;C:\Program Files\PuTTY\;C:\Users\TOSHIBA\AppData\Local\Microsoft\WindowsApps;C:\Program Files\Java\jdk-13.0.1\bin;C:\Users\TOSHIBA\AppData\Local\Android\Sdk\emulator;C:\Users\TOSHIBA\AppData\Local\Android\Sdk\platform-tools;C:\Users\TOSHIBA\AppData\Local\Android\Sdk\tools\bin;C:\Users\TOSHIBA\AppData\Local\Android\Sdk\tools;E:\file Software\Microsoft VS Code\bin;C:\Users\TOSHIBA\AppData\Roaming\Composer\vendor\bin;C:\Users\TOSHIBA\AppData\Roaming\npm;C:\Program Files (x86)\Gradle\gradle-6.5.1\bin;
USERNAME=TOSHIBA
OS=Windows_NT
PROCESSOR_IDENTIFIER=Intel64 Family 6 Model 37 Stepping 5, GenuineIntel



---------------  S Y S T E M  ---------------

OS: Windows 10.0 , 64 bit Build 18362 (10.0.18362.778)

CPU:total 4 (initial active 4) (2 cores per cpu, 2 threads per core) family 6 model 37 stepping 5, cmov, cx8, fxsr, mmx, sse, sse2, sse3, ssse3, sse4.1, sse4.2, popcnt, ht, tsc, tscinvbit

Memory: 4k page, physical 8247148k(297144k free), swap 14391148k(3272k free)

vm_info: OpenJDK 64-Bit Server VM (25.242-b01) for windows-amd64 JRE (1.8.0_242-release-1644-b01), built by "builder" with MS VC++ 10.0 (VS2010)

time: Sun Oct 18 14:23:53 2020
timezone: SE Asia Standard Time
elapsed time: 78 seconds (0d 0h 1m 18s)

